Arguments: 
  /Users/juanbernardotobar/.nvm/versions/node/v16.12.0/bin/node /usr/local/Cellar/yarn/1.22.10/libexec/bin/yarn.js

PATH: 
  /usr/local/opt/mysql-client/bin:/Users/juanbernardotobar/.nvm/versions/node/v16.12.0/bin:/usr/local/bin:/usr/bin:/bin:/usr/sbin:/sbin:/Library/TeX/texbin:/Library/Apple/usr/bin:/usr/local/opt/mysql-client/bin:/Users/juanbernardotobar/.nvm/versions/node/v16.12.0/bin:/Users/juanbernardotobar/.cargo/bin:/Users/juanbernardotobar/Library/Android/sdk/emulator:/Users/juanbernardotobar/Library/Android/sdk/tools:/Users/juanbernardotobar/Library/Android/sdk/tools/bin:/Users/juanbernardotobar/Library/Android/sdk/platform-tools:/Users/juanbernardotobar/Library/Android/sdk/emulator:/Users/juanbernardotobar/Library/Android/sdk/tools:/Users/juanbernardotobar/Library/Android/sdk/tools/bin:/Users/juanbernardotobar/Library/Android/sdk/platform-tools

Yarn version: 
  1.22.10

Node version: 
  16.12.0

Platform: 
  darwin x64

Trace: 
  SyntaxError: /Users/juanbernardotobar/dev/convexdao/concave_x_colors_nft/package.json: Unexpected token } in JSON at position 99
      at JSON.parse (<anonymous>)
      at /usr/local/Cellar/yarn/1.22.10/libexec/lib/cli.js:1625:59
      at Generator.next (<anonymous>)
      at step (/usr/local/Cellar/yarn/1.22.10/libexec/lib/cli.js:310:30)
      at /usr/local/Cellar/yarn/1.22.10/libexec/lib/cli.js:321:13

npm manifest: 
  {
    "name": "hardhat-project",
    "scripts": {
      "deploy": "npx hardhat run scripts/deploy.js",
    },
    "dependencies": {
      "@openzeppelin/contracts": "^4.4.0"
    }
  }

yarn manifest: 
  No manifest

Lockfile: 
  No lockfile
